Sat 2014-05-17: 3 Thai Rom Dao Watermelon delivered to User 744
Sat 2014-05-17: 7 Crenshaw delivered to User 744
Sat 2014-05-17: 1 White Sugar Lump Watermelon delivered to User 744
Sat 2014-05-17: 40 Moon and Stars Watermelon delivered to User 744
Sat 2014-05-17: 2 Carolina Cross 180 Watermelon delivered to User 494
Sat 2014-05-17: 55 Kolb's Gem or American Champion Watermelon delivered to User 494
Sat 2014-05-17: 6 Navajo Winter Watermelon delivered to User 494
Sat 2014-05-17: 9 Thai Rom Dao Watermelon delivered to User 494
Sat 2014-05-17: 48 Jubilee Bush Watermelon delivered to User 494
Sat 2014-05-17: 9 Golden Honey Watermelon delivered to User 895
Sat 2014-05-17: 7 Peacock Striped Watermelon delivered to User 895
Sat 2014-05-17: 5 Crane delivered to User 895
Sat 2014-05-17: 7 Armenian Cucumber delivered to User 895
Sat 2014-05-17: 1 Black Diamond Yellow-Belly Strain Watermelon delivered to User 895
Sat 2014-05-17: 5 Ancient Watermelon delivered to User 143
Sat 2014-05-17: 1 Golden Honey Watermelon delivered to User 143
Sat 2014-05-17: 55 Charleston Gray Watermelon delivered to User 143
Sat 2014-05-17: 7 Navajo Winter Watermelon delivered to User 143
Sat 2014-05-17: 6 Missouri Heirloom Yellow Flesh Watermelon delivered to User 143
Sat 2014-05-17: 5 Klondike Blue Ribbon Striped Watermelon delivered to User 823
Sat 2014-05-17: 10 Cream of Saskatchewan Watermelon delivered to User 823
Sat 2014-05-17: 1 Jubilee Bush Watermelon delivered to User 823
Sat 2014-05-17: 3 Golden Midget Watermelon delivered to User 43
Sat 2014-05-17: 9 Takii Gem Watermelon delivered to User 43
Sat 2014-05-17: 1 Golden Midget Watermelon delivered to User 43
Sat 2014-05-17: 65 Golden Midget Watermelon delivered to User 43
Sat 2014-05-17: 9 Melitopolski Watermelon delivered to User 43
Sat 2014-05-17: 9 Golden Honey Watermelon delivered to User 896
Sat 2014-05-17: 5 Tom Watson Watermelon delivered to User 896
Sat 2014-05-17: 8 Jubilee Watermelon delivered to User 896
Sat 2014-05-17: 7 Ancient Watermelon delivered to User 896
Sat 2014-05-17: 4 Long Milky Way - Moon and Stars Watermelon delivered to User 845
Sat 2014-05-17: 1 Georgia Rattlesnake Watermelon delivered to User 845
Sat 2014-05-17: 3 Fairfax Watermelon delivered to User 845
Sat 2014-05-17: 4 Mountain Hoosier Watermelon delivered to User 613
Sat 2014-05-17: 3 Missouri Heirloom Yellow Flesh Watermelon delivered to User 613
Sat 2014-05-17: 10 Irish Grey Watermelon delivered to User 62
Sat 2014-05-17: 57 Ancient Watermelon delivered to User 62
Sat 2014-05-17: 7 Colorado Preserving or Reed Seeded Citron Watermelon delivered to User 62
Sat 2014-05-17: 6 Orange Flesh Tendersweet Watermelon delivered to User 62
Sat 2014-05-17: 88 White Wonder Watermelon delivered to User 163
Sat 2014-05-17: 6 Missouri Heirloom Yellow Flesh Watermelon delivered to User 163
Sat 2014-05-17: 4 Golden Midget Watermelon delivered to User 163
Sat 2014-05-17: 77 Moon and Stars Watermelon delivered to User 163
Sat 2014-05-17: 8 Densuke delivered to User 260
Sat 2014-05-17: 4 Kolb's Gem or American Champion Watermelon delivered to User 260
Sat 2014-05-17: 3 Irish Grey Watermelon delivered to User 624
Sat 2014-05-17: 82 Thai Rom Dao Watermelon delivered to User 624
Sat 2014-05-17: 10 Takii Gem Watermelon delivered to User 495
Sat 2014-05-17: 89 Crenshaw delivered to User 717
Sat 2014-05-17: 2 Moon and Stars Watermelon delivered to User 717
Sat 2014-05-17: 21 Daisy or Yellow Shipper Watermelon delivered to User 717
Sat 2014-05-17: 1 White Sugar Lump Watermelon delivered to User 717
Sat 2014-05-17: 10 Golden Honey Watermelon delivered to User 398
Sun 2014-05-18: 7 Dixie Queen Watermelon delivered to User 40
Sun 2014-05-18: 3 Melitopolski Watermelon delivered to User 40
Sun 2014-05-18: 2 Navajo Winter Watermelon delivered to User 40
Sun 2014-05-18: 10 Arkansas Black Watermelon delivered to User 796
Sun 2014-05-18: 17 Long Milky Way - Moon and Stars Watermelon delivered to User 460
Sun 2014-05-18: 3 Carolina Cross 180 Watermelon delivered to User 988
Sun 2014-05-18: 95 Sugar Baby Watermelon delivered to User 988
Sun 2014-05-18: 2 Densuke delivered to User 545
Sun 2014-05-18: 3 Cantaloupe delivered to User 545
Sun 2014-05-18: 10 Orange Flesh Tendersweet Watermelon delivered to User 545
Sun 2014-05-18: 64 Daisy or Yellow Shipper Watermelon delivered to User 545
Sun 2014-05-18: 9 Cream of Saskatchewan Watermelon delivered to User 896
Sun 2014-05-18: 5 Chris Cross Watermelon delivered to User 896
Sun 2014-05-18: 1 Congo Watermelon delivered to User 896
Sun 2014-05-18: 2 Ali Baba Watermelon delivered to User 896
Sun 2014-05-18: 3 Peacock Striped Watermelon delivered to User 463
Sun 2014-05-18: 8 Ali Baba Watermelon delivered to User 463
Sun 2014-05-18: 6 Golden Midget Watermelon delivered to User 463
Sun 2014-05-18: 7 Crenshaw delivered to User 463
Sun 2014-05-18: 54 Moon and Stars Yellow Flesh Watermelon delivered to User 705
Sun 2014-05-18: 1 Moon and Stars Watermelon delivered to User 705
Sun 2014-05-18: 6 Texas Golden Watermelon delivered to User 705
Sun 2014-05-18: 40 Navajo Winter Watermelon delivered to User 843
Sun 2014-05-18: 9 Hami delivered to User 4
Sun 2014-05-18: 2 Cantaloupe delivered to User 4
Sun 2014-05-18: 8 Peacock Striped Watermelon delivered to User 4
Sun 2014-05-18: 1 Galia delivered to User 316
Sun 2014-05-18: 5 Tom Watson Watermelon delivered to User 316
Sun 2014-05-18: 2 Mountain Hoosier Watermelon delivered to User 316
Sun 2014-05-18: 9 Orangeglo Watermelon delivered to User 316
Sun 2014-05-18: 8 Honeydew delivered to User 316
Sun 2014-05-18: 8 Tendergold Watermelon delivered to User 766
Sun 2014-05-18: 9 Persian Melon delivered to User 766
Sun 2014-05-18: 9 Mississippi Cobb Gem Watermelon delivered to User 766
Sun 2014-05-18: 1 Black Diamond Yellow-Belly Strain Watermelon delivered to User 494
Sun 2014-05-18: 3 Kleckley's Sweet Watermelon delivered to User 494
Sun 2014-05-18: 50 Honeydew delivered to User 494
Sun 2014-05-18: 7 Black Diamond Yellow-Belly Strain Watermelon delivered to User 49
Sun 2014-05-18: 9 Crenshaw delivered to User 49
Sun 2014-05-18: 3 Kleckley's Sweet Watermelon delivered to User 49
Sun 2014-05-18: 86 White Sugar Lump Watermelon delivered to User 49
Mon 2014-05-19: 2 Carolina Cross 180 Watermelon delivered to User 39
Mon 2014-05-19: 9 Tom Watson Watermelon delivered to User 39
Mon 2014-05-19: 5 Japanese Cream Fleshed Suika Watermelon delivered to User 661
Mon 2014-05-19: 3 Densuke delivered to User 661
Mon 2014-05-19: 7 Navajo Winter Watermelon delivered to User 661
Mon 2014-05-19: 8 Jubilee Watermelon delivered to User 991
Mon 2014-05-19: 1 Moon and Stars Yellow Flesh Watermelon delivered to User 847
Mon 2014-05-19: 7 Casaba delivered to User 142
Mon 2014-05-19: 2 Mississippi Cobb Gem Watermelon delivered to User 142
Mon 2014-05-19: 1 Malali Watermelon delivered to User 142
Mon 2014-05-19: 8 Moon and Stars Watermelon delivered to User 142
Mon 2014-05-19: 1 Montenegro Man Watermelon delivered to User 142
Mon 2014-05-19: 10 Crenshaw delivered to User 538
Mon 2014-05-19: 1 White Wonder Watermelon delivered to User 538
Mon 2014-05-19: 65 Densuke delivered to User 538
Mon 2014-05-19: 48 Irish Grey Watermelon delivered to User 538
Mon 2014-05-19: 1 Fairfax Watermelon delivered to User 538
Mon 2014-05-19: 18 Georgia Rattlesnake Watermelon delivered to User 254
Mon 2014-05-19: 5 Mississippi Cobb Gem Watermelon delivered to User 254
Mon 2014-05-19: 6 Crane delivered to User 254
Mon 2014-05-19: 38 Navajo Winter Watermelon delivered to User 254
Mon 2014-05-19: 7 Hopi Yellow Watermelon delivered to User 254
Mon 2014-05-19: 1 Crenshaw delivered to User 793
Mon 2014-05-19: 2 Hopi Yellow Watermelon delivered to User 18
Mon 2014-05-19: 3 Texas Golden Watermelon delivered to User 18
Mon 2014-05-19: 61 Fairfax Watermelon delivered to User 18
Mon 2014-05-19: 5 Desert King Watermelon delivered to User 18
Mon 2014-05-19: 2 Wilson's Sweet Watermelon delivered to User 112
Mon 2014-05-19: 9 Moon and Stars Watermelon delivered to User 112
Mon 2014-05-19: 67 Jubilee Watermelon delivered to User 112
Mon 2014-05-19: 6 Jubilee Bush Watermelon delivered to User 112
Mon 2014-05-19: 1 Jubilee Watermelon delivered to User 112
Mon 2014-05-19: 75 Armenian Cucumber delivered to User 92
Mon 2014-05-19: 3 Congo Watermelon delivered to User 92
Mon 2014-05-19: 3 Kleckley's Sweet Watermelon delivered to User 92
Mon 2014-05-19: 2 Casaba delivered to User 92
Mon 2014-05-19: 7 Texas Golden Watermelon delivered to User 92
Mon 2014-05-19: 7 Densuke delivered to User 3
Mon 2014-05-19: 9 White Sugar Lump Watermelon delivered to User 3
Mon 2014-05-19: 10 Crenshaw delivered to User 185
Mon 2014-05-19: 7 Mountain Hoosier Watermelon delivered to User 53
Mon 2014-05-19: 5 Texas Golden Watermelon delivered to User 53
Mon 2014-05-19: 8 Desert King Watermelon delivered to User 53
Mon 2014-05-19: 2 Moon and Stars Yellow Flesh Watermelon delivered to User 485
Mon 2014-05-19: 3 Armenian Cucumber delivered to User 485
Mon 2014-05-19: 3 Tom Watson Watermelon delivered to User 485
Mon 2014-05-19: 5 Crenshaw delivered to User 376
Mon 2014-05-19: 6 Crane delivered to User 376
Mon 2014-05-19: 2 Chris Cross Watermelon delivered to User 376
Mon 2014-05-19: 8 Winter Melon delivered to User 6
Mon 2014-05-19: 48 Crenshaw delivered to User 6
Mon 2014-05-19: 74 Congo Watermelon delivered to User 380
Mon 2014-05-19: 7 Armenian Cucumber delivered to User 380
Mon 2014-05-19: 1 Jubilee Bush Watermelon delivered to User 380
Mon 2014-05-19: 4 Moon and Stars Watermelon delivered to User 380
Mon 2014-05-19: 7 Texas Golden Watermelon delivered to User 390
Mon 2014-05-19: 2 Golden Midget Watermelon delivered to User 390
Mon 2014-05-19: 10 Sugar Baby Watermelon delivered to User 390
Mon 2014-05-19: 2 Japanese Cream Fleshed Suika Watermelon delivered to User 728
Mon 2014-05-19: 10 Orangeglo Watermelon delivered to User 381
Mon 2014-05-19: 1 White Wonder Watermelon delivered to User 381
Mon 2014-05-19: 5 Melitopolski Watermelon delivered to User 381
Mon 2014-05-19: 3 Wilson's Sweet Watermelon delivered to User 381
Tue 2014-05-20: 30 Crimson Sweet Watermelon delivered to User 620
Tue 2014-05-20: 3 Peacock Striped Watermelon delivered to User 620
Tue 2014-05-20: 58 Cream of Saskatchewan Watermelon delivered to User 980
Tue 2014-05-20: 5 Golden Midget Watermelon delivered to User 980
Tue 2014-05-20: 84 Hopi Yellow Watermelon delivered to User 980
Tue 2014-05-20: 8 Cream of Saskatchewan Watermelon delivered to User 644
Tue 2014-05-20: 8 Charleston Gray Watermelon delivered to User 644
Tue 2014-05-20: 8 Jubilee Bush Watermelon delivered to User 452
Tue 2014-05-20: 8 Japanese Cream Fleshed Suika Watermelon delivered to User 452
Tue 2014-05-20: 15 Scaly Bark Watermelon delivered to User 754
Tue 2014-05-20: 6 Royal Golden Watermelon delivered to User 207
Tue 2014-05-20: 3 Scaly Bark Watermelon delivered to User 207
Tue 2014-05-20: 5 Black Diamond Yellow-Belly Strain Watermelon delivered to User 207
Tue 2014-05-20: 7 Christmas Melon delivered to User 207
Tue 2014-05-20: 26 Sugar Baby Watermelon delivered to User 400
Tue 2014-05-20: 7 Ledmon Watermelon delivered to User 436
Tue 2014-05-20: 3 Galia delivered to User 436
Tue 2014-05-20: 5 Winter Melon delivered to User 436
Tue 2014-05-20: 2 Ali Baba Watermelon delivered to User 62
Tue 2014-05-20: 6 Stone Mountain Watermelon delivered to User 474
Tue 2014-05-20: 2 Navajo Winter Watermelon delivered to User 474
Tue 2014-05-20: 4 Georgia Rattlesnake Watermelon delivered to User 691
Tue 2014-05-20: 3 Galia delivered to User 691
Tue 2014-05-20: 8 Wilson's Sweet Watermelon delivered to User 83
Tue 2014-05-20: 7 Takii Gem Watermelon delivered to User 472
Tue 2014-05-20: 5 Japanese Cream Fleshed Suika Watermelon delivered to User 472
Tue 2014-05-20: 8 Takii Gem Watermelon delivered to User 472
Tue 2014-05-20: 6 White Wonder Watermelon delivered to User 934
Tue 2014-05-20: 31 Galia delivered to User 934
Tue 2014-05-20: 9 Winter Melon delivered to User 934
Tue 2014-05-20: 5 Jubilee Watermelon delivered to User 224
Tue 2014-05-20: 4 Tendergold Watermelon delivered to User 224
Tue 2014-05-20: 10 Ledmon Watermelon delivered to User 224
Tue 2014-05-20: 4 Densuke delivered to User 247
Tue 2014-05-20: 1 Orange Flesh Tendersweet Watermelon delivered to User 467
Tue 2014-05-20: 74 Takii Gem Watermelon delivered to User 467
Tue 2014-05-20: 8 Armenian Cucumber delivered to User 467
Tue 2014-05-20: 8 Cantaloupe delivered to User 467
Tue 2014-05-20: 7 Navajo Winter Watermelon delivered to User 467
Tue 2014-05-20: 7 Georgia Rattlesnake Watermelon delivered to User 945
Tue 2014-05-20: 70 Melitopolski Watermelon delivered to User 945
Tue 2014-05-20: 1 Arkansas Black Watermelon delivered to User 945
Tue 2014-05-20: 8 Blacktail Mountain Watermelon delivered to User 945
Tue 2014-05-20: 9 Thai Rom Dao Watermelon delivered to User 945
Tue 2014-05-20: 95 Irish Grey Watermelon delivered to User 17
Tue 2014-05-20: 18 Mississippi Cobb Gem Watermelon delivered to User 17
Wed 2014-05-21: 61 Crimson Sweet Watermelon delivered to User 912
Wed 2014-05-21: 64 Crimson Sweet Watermelon delivered to User 912
Wed 2014-05-21: 68 Ali Baba Watermelon delivered to User 912
Wed 2014-05-21: 4 Japanese Cream Fleshed Suika Watermelon delivered to User 912
Wed 2014-05-21: 6 Fairfax Watermelon delivered to User 728
Wed 2014-05-21: 4 Congo Watermelon delivered to User 728
Wed 2014-05-21: 9 Orangeglo Watermelon delivered to User 728
Wed 2014-05-21: 47 Tom Watson Watermelon delivered to User 565
Wed 2014-05-21: 3 Crimson Sweet Watermelon delivered to User 565
Wed 2014-05-21: 6 Irish Grey Watermelon delivered to User 48
Wed 2014-05-21: 1 Irish Grey Watermelon delivered to User 48
Wed 2014-05-21: 2 Winter Melon delivered to User 398
Wed 2014-05-21: 88 Japanese Cream Fleshed Suika Watermelon delivered to User 821
Wed 2014-05-21: 1 Irish Grey Watermelon delivered to User 859
Wed 2014-05-21: 83 Thai Rom Dao Watermelon delivered to User 992
Wed 2014-05-21: 3 Jubilee Bush Watermelon delivered to User 992
Wed 2014-05-21: 6 Charleston Gray Watermelon delivered to User 992
Wed 2014-05-21: 49 Royal Golden Watermelon delivered to User 992
Wed 2014-05-21: 4 Malali Watermelon delivered to User 992
Wed 2014-05-21: 7 Moon and Stars Watermelon delivered to User 288
Wed 2014-05-21: 4 Hami delivered to User 351
Wed 2014-05-21: 9 Orange Flesh Tendersweet Watermelon delivered to User 351
Wed 2014-05-21: 80 Densuke delivered to User 351
Wed 2014-05-21: 6 Hopi Yellow Watermelon delivered to User 351
Wed 2014-05-21: 3 Crenshaw delivered to User 473
Wed 2014-05-21: 16 Stone Mountain Watermelon delivered to User 730
Wed 2014-05-21: 2 Christmas Melon delivered to User 730
Wed 2014-05-21: 5 Crimson Sweet Watermelon delivered to User 730
Wed 2014-05-21: 10 White Wonder Watermelon delivered to User 730
Wed 2014-05-21: 93 Georgia Rattlesnake Watermelon delivered to User 730
Wed 2014-05-21: 2 Galia delivered to User 354
Wed 2014-05-21: 2 Galia delivered to User 354
Wed 2014-05-21: 7 Christmas Melon delivered to User 1
Wed 2014-05-21: 2 Stone Mountain Watermelon delivered to User 830
Wed 2014-05-21: 2 Early Moonbeam Watermelon delivered to User 297
Wed 2014-05-21: 4 Kolb's Gem or American Champion Watermelon delivered to User 297
Wed 2014-05-21: 4 Hopi Yellow Watermelon delivered to User 297
Wed 2014-05-21: 6 Moon and Stars Watermelon delivered to User 297
Wed 2014-05-21: 3 Ledmon Watermelon delivered to User 654
Wed 2014-05-21: 80 Texas Golden Watermelon delivered to User 654
Wed 2014-05-21: 6 Cantaloupe delivered to User 654
Wed 2014-05-21: 3 Persian Melon delivered to User 605
Wed 2014-05-21: 1 Mississippi Cobb Gem Watermelon delivered to User 542
Wed 2014-05-21: 7 Chris Cross Watermelon delivered to User 542
Wed 2014-05-21: 4 Winter Melon delivered to User 637
Wed 2014-05-21: 1 Ali Baba Watermelon delivered to User 637
Wed 2014-05-21: 7 Black Diamond Yellow-Belly Strain Watermelon delivered to User 637
Wed 2014-05-21: 10 Arkansas Black Watermelon delivered to User 637
Wed 2014-05-21: 10 Navajo Winter Watermelon delivered to User 194
Thu 2014-05-22: 5 Ledmon Watermelon delivered to User 337
Thu 2014-05-22: 6 Honeydew delivered to User 337
Thu 2014-05-22: 8 Hami delivered to User 668
Thu 2014-05-22: 8 Navajo Winter Watermelon delivered to User 721
Thu 2014-05-22: 1 White Wonder Watermelon delivered to User 721
Thu 2014-05-22: 5 Daisy or Yellow Shipper Watermelon delivered to User 307
Thu 2014-05-22: 10 Chris Cross Watermelon delivered to User 307
Thu 2014-05-22: 4 Colorado Preserving or Reed Seeded Citron Watermelon delivered to User 307
Thu 2014-05-22: 9 Stone Mountain Watermelon delivered to User 307
Thu 2014-05-22: 9 Galia delivered to User 394
Thu 2014-05-22: 60 Casaba delivered to User 394
Thu 2014-05-22: 6 Casaba delivered to User 394
Thu 2014-05-22: 8 Sugar Baby Watermelon delivered to User 933
Thu 2014-05-22: 2 Tom Watson Watermelon delivered to User 933
Thu 2014-05-22: 3 Armenian Cucumber delivered to User 933
Thu 2014-05-22: 1 White Wonder Watermelon delivered to User 933
Thu 2014-05-22: 3 Kolb's Gem or American Champion Watermelon delivered to User 933
Thu 2014-05-22: 5 Royal Golden Watermelon delivered to User 824
Thu 2014-05-22: 9 Navajo Winter Watermelon delivered to User 824
Thu 2014-05-22: 4 Hami delivered to User 824
Thu 2014-05-22: 3 Jubilee Watermelon delivered to User 824
Thu 2014-05-22: 10 Scaly Bark Watermelon delivered to User 824
Thu 2014-05-22: 9 Christmas Melon delivered to User 620
Thu 2014-05-22: 95 Missouri Heirloom Yellow Flesh Watermelon delivered to User 620
Thu 2014-05-22: 2 Desert King Watermelon delivered to User 620
Thu 2014-05-22: 7 Carolina Cross 180 Watermelon delivered to User 620
Thu 2014-05-22: 51 Ledmon Watermelon delivered to User 777
Thu 2014-05-22: 1 Mountain Hoosier Watermelon delivered to User 777
Thu 2014-05-22: 5 Royal Golden Watermelon delivered to User 777
Thu 2014-05-22: 53 Densuke delivered to User 777
Thu 2014-05-22: 6 Fairfax Watermelon delivered to User 777
Thu 2014-05-22: 4 Sugar Baby Watermelon delivered to User 404
Thu 2014-05-22: 7 Texas Golden Watermelon delivered to User 404
Thu 2014-05-22: 6 Golden Midget Watermelon delivered to User 404
Thu 2014-05-22: 4 Jubilee Bush Watermelon delivered to User 404
Thu 2014-05-22: 7 Armenian Cucumber delivered to User 966
Thu 2014-05-22: 10 Klondike Blue Ribbon Striped Watermelon delivered to User 966
Thu 2014-05-22: 9 Hami delivered to User 286
Thu 2014-05-22: 2 Tom Watson Watermelon delivered to User 286
Thu 2014-05-22: 6 Orangeglo Watermelon delivered to User 286
Thu 2014-05-22: 8 Navajo Winter Watermelon delivered to User 286
Thu 2014-05-22: 5 Canary delivered to User 585
Thu 2014-05-22: 1 Jubilee Bush Watermelon delivered to User 585
Thu 2014-05-22: 9 Tom Watson Watermelon delivered to User 585
Thu 2014-05-22: 6 Japanese Cream Fleshed Suika Watermelon delivered to User 585
Thu 2014-05-22: 4 Persian Melon delivered to User 585
Thu 2014-05-22: 6 Dixie Queen Watermelon delivered to User 78
Thu 2014-05-22: 5 Mississippi Cobb Gem Watermelon delivered to User 78
Thu 2014-05-22: 6 Densuke delivered to User 429
Thu 2014-05-22: 2 Daisy or Yellow Shipper Watermelon delivered to User 429
Thu 2014-05-22: 7 Casaba delivered to User 429
Thu 2014-05-22: 40 Navajo Winter Watermelon delivered to User 429
Thu 2014-05-22: 9 Kleckley's Sweet Watermelon delivered to User 147
Thu 2014-05-22: 3 Texas Golden Watermelon delivered to User 147
Thu 2014-05-22: 10 Congo Watermelon delivered to User 147
Thu 2014-05-22: 2 Colorado Preserving or Reed Seeded Citron Watermelon delivered to User 147
Thu 2014-05-22: 3 Crenshaw delivered to User 147
Thu 2014-05-22: 6 Dixie Queen Watermelon delivered to User 820
Thu 2014-05-22: 9 Cantaloupe delivered to User 984
Thu 2014-05-22: 24 White Wonder Watermelon delivered to User 984
Thu 2014-05-22: 2 Tendergold Watermelon delivered to User 984
Thu 2014-05-22: 93 Thai Rom Dao Watermelon delivered to User 984
Thu 2014-05-22: 5 Winter Melon delivered to User 375
Thu 2014-05-22: 9 Jubilee Watermelon delivered to User 375
Thu 2014-05-22: 10 Honeydew delivered to User 375
Thu 2014-05-22: 4 Mississippi Cobb Gem Watermelon delivered to User 375
Thu 2014-05-22: 1 Missouri Heirloom Yellow Flesh Watermelon delivered to User 398
Thu 2014-05-22: 6 Melitopolski Watermelon delivered to User 398
Thu 2014-05-22: 7 Sugar Baby Watermelon delivered to User 398
Thu 2014-05-22: 9 Armenian Cucumber delivered to User 398
Thu 2014-05-22: 7 Orange Flesh Tendersweet Watermelon delivered to User 482
Thu 2014-05-22: 5 Crimson Sweet Watermelon delivered to User 482
Thu 2014-05-22: 5 Crane delivered to User 482
Fri 2014-05-23: 2 Japanese Cream Fleshed Suika Watermelon delivered to User 852
Fri 2014-05-23: 10 Irish Grey Watermelon delivered to User 852
Fri 2014-05-23: 10 Melitopolski Watermelon delivered to User 852
Fri 2014-05-23: 3 Scaly Bark Watermelon delivered to User 852
Fri 2014-05-23: 4 Peacock Striped Watermelon delivered to User 852
Fri 2014-05-23: 9 Wilson's Sweet Watermelon delivered to User 572
Fri 2014-05-23: 6 White Wonder Watermelon delivered to User 572
Fri 2014-05-23: 38 Fairfax Watermelon delivered to User 572
Fri 2014-05-23: 21 Black Diamond Yellow-Belly Strain Watermelon delivered to User 116
Fri 2014-05-23: 9 Crimson Sweet Watermelon delivered to User 116
Fri 2014-05-23: 8 Melitopolski Watermelon delivered to User 676
Fri 2014-05-23: 28 Orangeglo Watermelon delivered to User 676
Fri 2014-05-23: 45 Montenegro Man Watermelon delivered to User 676
Fri 2014-05-23: 9 Blacktail Mountain Watermelon delivered to User 676
Fri 2014-05-23: 9 Daisy or Yellow Shipper Watermelon delivered to User 656
Fri 2014-05-23: 8 Armenian Cucumber delivered to User 656
Fri 2014-05-23: 3 Blacktail Mountain Watermelon delivered to User 656
Fri 2014-05-23: 7 Irish Grey Watermelon delivered to User 656
Fri 2014-05-23: 18 Daisy or Yellow Shipper Watermelon delivered to User 656
Fri 2014-05-23: 81 Moon and Stars Watermelon delivered to User 827
Fri 2014-05-23: 7 Daisy or Yellow Shipper Watermelon delivered to User 827
Fri 2014-05-23: 7 Arkansas Black Watermelon delivered to User 827
Fri 2014-05-23: 1 Malali Watermelon delivered to User 827
Fri 2014-05-23: 10 Charleston Gray Watermelon delivered to User 827
Fri 2014-05-23: 91 Dixie Queen Watermelon delivered to User 227
Fri 2014-05-23: 5 Ledmon Watermelon delivered to User 227
Fri 2014-05-23: 72 Kleckley's Sweet Watermelon delivered to User 227
Fri 2014-05-23: 6 Montenegro Man Watermelon delivered to User 227
Fri 2014-05-23: 10 Mississippi Cobb Gem Watermelon delivered to User 227
Fri 2014-05-23: 7 Mississippi Cobb Gem Watermelon delivered to User 320
Fri 2014-05-23: 8 Montenegro Man Watermelon delivered to User 685
Fri 2014-05-23: 6 Galia delivered to User 685